<?xml version="1.0" encoding="UTF-8"?>
<!-- Generated by org.testng.reporters.JUnitReportReporter -->
<testsuite skipped="0" hostname="Prasad" name="com.TestScripts.SelectBookfrmRecordsTest" tests="1" failures="0" timestamp="15 Apr 2020 17:25:28 GMT" time="13.058" errors="0">
  <testcase name="SelectItemfrmRecords" time="13.058" classname="com.TestScripts.SelectBookfrmRecordsTest"/>
</testsuite> <!-- com.TestScripts.SelectBookfrmRecordsTest -->
