<?xml version="1.0" encoding="UTF-8"?>
<!-- Generated by org.testng.reporters.JUnitReportReporter -->
<testsuite skipped="0" hostname="Prasad" name="com.TestScripts.BuyBookTest" tests="1" failures="0" timestamp="14 Apr 2020 09:05:52 GMT" time="4.447" errors="0">
  <testcase name="AutoSuggestionCount" time="4.447" classname="com.TestScripts.BuyBookTest"/>
</testsuite> <!-- com.TestScripts.BuyBookTest -->
